<?xml version="1.0" encoding="UTF-8"?>
<testsuite name="AccountTest" tests="9" skipped="0" failures="0" errors="0" timestamp="2021-03-15T12:44:18" hostname="DESKTOP-V8VO45L" time="0.022">
  <properties/>
  <testcase name="testBalanceAfterMakeDeposit()" classname="AccountTest" time="0.014"/>
  <testcase name="testBalanceWhenCreateAccount()" classname="AccountTest" time="0.001"/>
  <testcase name="testWithdrawalsWhenEmpty()" classname="AccountTest" time="0.001"/>
  <testcase name="testWithdrawalsSize()" classname="AccountTest" time="0.001"/>
  <testcase name="testDepositsWhenEmpty()" classname="AccountTest" time="0.0"/>
  <testcase name="testInitialBalance()" classname="AccountTest" time="0.0"/>
  <testcase name="testBalanceAfterMakeWithdrawals()" classname="AccountTest" time="0.001"/>
  <testcase name="testBalanceWhenEmpty()" classname="AccountTest" time="0.001"/>
  <testcase name="testDepositsSize()" classname="AccountTest" time="0.001"/>
  <system-out><![CDATA[]]></system-out>
  <system-err><![CDATA[]]></system-err>
</testsuite>
